<?xml version="1.0" encoding="UTF-8"?>
<!-- Generated by org.testng.reporters.JUnitReportReporter -->
<testsuite skipped="0" hostname="HARIHRPS" name="Academy.HomePage" tests="2" failures="0" timestamp="31 Jul 2018 14:48:21 GMT" time="102.508" errors="0">
  <testcase name="basePageNavigation" time="47.550" classname="Academy.HomePage"/>
  <testcase name="basePageNavigation" time="54.958" classname="Academy.HomePage"/>
</testsuite> <!-- Academy.HomePage -->
